-------------------------------------------------------------------------------
Test set: com.qa.janani.runner.TestRunner
-------------------------------------------------------------------------------
Tests run: 1, Failures: 0, Errors: 1, Skipped: 0, Time elapsed: 0.104 s <<< FAILURE! - in com.qa.janani.runner.TestRunner
initializationError(com.qa.janani.runner.TestRunner)  Time elapsed: 0.009 s  <<< ERROR!
java.lang.IllegalArgumentException: 
The plugin specification '/target/cucumber-reports' has a problem:

Could not load plugin class '/target/cucumber-reports'.

Plugin specifications should have the format of PLUGIN[:[PATH|[URI [OPTIONS]]]

Valid values for PLUGIN are: html, json, junit, message, pretty, progress, rerun, summary, teamcity, testng, timeline, unused, usage

PLUGIN can also be a fully qualified class name, allowing registration of 3rd party plugins. The 3rd party plugin must implement io.cucumber.plugin.Plugin
Caused by: java.lang.ClassNotFoundException: /target/cucumber-reports

